<?xml version="1.0" encoding="UTF-8"?>
<!-- Generated by org.testng.reporters.JUnitReportReporter -->
<testsuite hostname="LAPTOP-VUBQFE7P" failures="0" tests="2" name="runner.RunnerTestNGTestPalindrom" time="0.059" errors="0" timestamp="2023-01-11T15:03:11 WIB" skipped="0">
  <testcase classname="runner.RunnerTestNGTestPalindrom" name="runScenario" time="0.002"/>
  <system-out/>
  <testcase classname="runner.RunnerTestNGTestPalindrom" name="runScenario" time="0.057"/>
  <system-out/>
</testsuite> <!-- runner.RunnerTestNGTestPalindrom -->
