<?xml version="1.0" encoding="UTF-8"?>
<!-- Generated by org.testng.reporters.JUnitReportReporter -->
<testsuite hostname="LAPTOP-VUBQFE7P" failures="0" tests="1" name="com.test.tokopedia.TokopediaProduct" time="4.796" errors="0" timestamp="2023-01-11T15:23:15 WIB" skipped="0">
  <testcase classname="com.test.tokopedia.TokopediaProduct" name="tokopediaProductTest" time="4.796"/>
  <system-out/>
</testsuite> <!-- com.test.tokopedia.TokopediaProduct -->
